2019-01-10 12:13:42.084  INFO 13660 --- [restartedMain] c.d.d.SpringDataSourceProjectApplication : Starting SpringDataSourceProjectApplication on WKWIN5839845 with PID 13660 (C:\Users\amiagarw\Documents\workspace-sts-3.9.5.RELEASE\SpringDataSourceProject\target\classes started by amiagarw in C:\Users\amiagarw\Documents\workspace-sts-3.9.5.RELEASE\SpringDataSourceProject)
2019-01-10 12:13:42.085  INFO 13660 --- [restartedMain] c.d.d.SpringDataSourceProjectApplication : No active profile set, falling back to default profiles: default
2019-01-10 12:13:42.221  INFO 13660 --- [restartedMain] .s.d.r.c.RepositoryConfigurationDelegate : Bootstrapping Spring Data repositories in DEFAULT mode.
2019-01-10 12:13:42.222  INFO 13660 --- [restartedMain] .s.d.r.c.RepositoryConfigurationDelegate : Finished Spring Data repository scanning in 1ms. Found 0 repository interfaces.
2019-01-10 12:13:42.250  INFO 13660 --- [restartedMain] trationDelegate$BeanPostProcessorChecker : Bean 'org.springframework.transaction.annotation.ProxyTransactionManagementConfiguration' of type [org.springframework.transaction.annotation.ProxyTransactionManagementConfiguration$$EnhancerBySpringCGLIB$$a4147112] is not eligible for getting processed by all BeanPostProcessors (for example: not eligible for auto-proxying)
2019-01-10 12:13:42.319  INFO 13660 --- [restartedMain] o.s.b.w.embedded.tomcat.TomcatWebServer  : Tomcat initialized with port(s): 8080 (http)
2019-01-10 12:13:42.320  INFO 13660 --- [restartedMain] o.apache.catalina.core.StandardService   : Starting service [Tomcat]
2019-01-10 12:13:42.320  INFO 13660 --- [restartedMain] org.apache.catalina.core.StandardEngine  : Starting Servlet Engine: Apache Tomcat/9.0.13
2019-01-10 12:13:42.338  INFO 13660 --- [restartedMain] o.a.c.c.C.[Tomcat].[localhost].[/]       : Initializing Spring embedded WebApplicationContext
2019-01-10 12:13:42.338  INFO 13660 --- [restartedMain] o.s.web.context.ContextLoader            : Root WebApplicationContext: initialization completed in 252 ms
2019-01-10 12:13:42.363  INFO 13660 --- [restartedMain] com.zaxxer.hikari.HikariDataSource       : HikariPool-16 - Starting...
2019-01-10 12:13:42.364  INFO 13660 --- [restartedMain] com.zaxxer.hikari.HikariDataSource       : HikariPool-16 - Start completed.
2019-01-10 12:13:42.395  INFO 13660 --- [restartedMain] j.LocalContainerEntityManagerFactoryBean : Initialized JPA EntityManagerFactory for persistence unit 'default'
2019-01-10 12:13:42.403  INFO 13660 --- [restartedMain] o.s.b.d.a.OptionalLiveReloadServer       : LiveReload server is running on port 35729
2019-01-10 12:13:42.442  INFO 13660 --- [restartedMain] o.s.s.concurrent.ThreadPoolTaskExecutor  : Initializing ExecutorService 'applicationTaskExecutor'
2019-01-10 12:13:42.446  WARN 13660 --- [restartedMain] aWebConfiguration$JpaWebMvcConfiguration : spring.jpa.open-in-view is enabled by default. Therefore, database queries may be performed during view rendering. Explicitly configure spring.jpa.open-in-view to disable this warning
2019-01-10 12:13:42.464  WARN 13660 --- [restartedMain] ion$DefaultTemplateResolverConfiguration : Cannot find template location: classpath:/templates/ (please add some templates or check your Thymeleaf configuration)
2019-01-10 12:13:42.501  INFO 13660 --- [restartedMain] o.s.b.w.embedded.tomcat.TomcatWebServer  : Tomcat started on port(s): 8080 (http) with context path ''
2019-01-10 12:13:42.501  INFO 13660 --- [restartedMain] c.d.d.SpringDataSourceProjectApplication : Started SpringDataSourceProjectApplication in 0.466 seconds (JVM running for 70013.068)
2019-01-10 12:13:42.502  INFO 13660 --- [restartedMain] .ConditionEvaluationDeltaLoggingListener : Condition evaluation unchanged
2019-01-10 12:14:14.144  INFO 13660 --- [Thread-96] o.s.s.concurrent.ThreadPoolTaskExecutor  : Shutting down ExecutorService 'applicationTaskExecutor'
2019-01-10 12:14:14.146  INFO 13660 --- [Thread-96] j.LocalContainerEntityManagerFactoryBean : Closing JPA EntityManagerFactory for persistence unit 'default'
2019-01-10 12:14:14.151  INFO 13660 --- [Thread-96] o.s.b.f.support.DisposableBeanAdapter    : Invocation of destroy method failed on bean with name 'inMemoryDatabaseShutdownExecutor': org.h2.jdbc.JdbcSQLException: Database is already closed (to disable automatic closing at VM shutdown, add ";DB_CLOSE_ON_EXIT=FALSE" to the db URL) [90121-197]
2019-01-10 12:14:14.152  INFO 13660 --- [Thread-96] com.zaxxer.hikari.HikariDataSource       : HikariPool-16 - Shutdown initiated...
2019-01-10 12:14:14.153  INFO 13660 --- [Thread-96] com.zaxxer.hikari.HikariDataSource       : HikariPool-16 - Shutdown completed.
